<?xml version="1.0" encoding="UTF-8"?>
<!-- Generated by org.testng.reporters.JUnitReportReporter -->
<testsuite hostname="DESKTOP-FUPNGT6" failures="0" tests="1" name="Exp_WD_Testng" time="25.789" errors="0" timestamp="2023-06-12T12:48:10 IST" skipped="0">
  <testcase classname="Exp_WD_Testng" name="tc001" time="25.789"/>
  <system-out>
    <![CDATA[Application Opened
OrangeHRM
Logout completed]]>
  </system-out>
</testsuite> <!-- Exp_WD_Testng -->
