<?xml version="1.0" encoding="UTF-8"?>
<!-- Generated by org.testng.reporters.JUnitReportReporter -->
<testsuite hostname="DESKTOP-FUPNGT6" failures="0" tests="1" name="com.hrms.testscript.TC001" time="25.870" errors="0" timestamp="2023-06-12T12:13:29 IST" skipped="0">
  <testcase classname="com.hrms.testscript.TC001" name="tc001" time="25.870"/>
  <system-out/>
</testsuite> <!-- com.hrms.testscript.TC001 -->
